<?xml version="1.0" encoding="UTF-8"?>
<!-- Generated by org.testng.reporters.JUnitXMLReporter -->
<testsuite hostname="DESKTOP-F97QICA" failures="0" tests="4" name="Default test" time="23.898" errors="0" timestamp="14 May 2024 09:12:52 GMT">
  <testcase classname="CheckMultipleLoginScenarios" name="checkMultipleLoginScenarios" time="7.291"/>
  <testcase classname="CheckMultipleLoginScenarios" name="checkMultipleLoginScenarios" time="5.454"/>
  <testcase classname="CheckMultipleLoginScenarios" name="checkMultipleLoginScenarios" time="5.619"/>
  <testcase classname="CheckMultipleLoginScenarios" name="checkMultipleLoginScenarios" time="5.512"/>
</testsuite> <!-- Default test -->
