<?xml version="1.0" encoding="UTF-8"?>
<testng-results total="4" passed="4" failed="0" skipped="0">
  <reporter-output>
  </reporter-output>
  <suite started-at="2024-05-14T09:12:28Z" name="Default suite" finished-at="2024-05-14T09:12:52Z" duration-ms="23898">
    <groups>
    </groups>
    <test started-at="2024-05-14T09:12:28Z" name="Default test" finished-at="2024-05-14T09:12:52Z" duration-ms="23898">
      <class name="CheckMultipleLoginScenarios">
        <test-method signature="checkMultipleLoginScenarios(java.lang.String, java.lang.String, java.lang.String)[pri:0, instance:CheckMultipleLoginScenarios@13c3c1e1]" started-at="2024-05-14T14:57:28Z" name="checkMultipleLoginScenarios" data-provider="loginTestData" finished-at="2024-05-14T14:57:35Z" duration-ms="7291" status="PASS">
          <params>
            <param index="0">
              <value>
                <![CDATA[Valid]]>
              </value>
            </param>
            <param index="1">
              <value>
                <![CDATA[student243@vrittechnologies.com]]>
              </value>
            </param>
            <param index="2">
              <value>
                <![CDATA[student243]]>
              </value>
            </param>
          </params>
          <reporter-output>
          </reporter-output>
        </test-method> <!-- checkMultipleLoginScenarios -->
        <test-method signature="checkMultipleLoginScenarios(java.lang.String, java.lang.String, java.lang.String)[pri:0, instance:CheckMultipleLoginScenarios@13c3c1e1]" started-at="2024-05-14T14:57:35Z" name="checkMultipleLoginScenarios" data-provider="loginTestData" finished-at="2024-05-14T14:57:41Z" duration-ms="5454" status="PASS">
          <params>
            <param index="0">
              <value>
                <![CDATA[Invalid]]>
              </value>
            </param>
            <param index="1">
              <value>
                <![CDATA[abcd@gmail.com]]>
              </value>
            </param>
            <param index="2">
              <value>
                <![CDATA[abcc]]>
              </value>
            </param>
          </params>
          <reporter-output>
          </reporter-output>
        </test-method> <!-- checkMultipleLoginScenarios -->
        <test-method signature="checkMultipleLoginScenarios(java.lang.String, java.lang.String, java.lang.String)[pri:0, instance:CheckMultipleLoginScenarios@13c3c1e1]" started-at="2024-05-14T14:57:41Z" name="checkMultipleLoginScenarios" data-provider="loginTestData" finished-at="2024-05-14T14:57:46Z" duration-ms="5619" status="PASS">
          <params>
            <param index="0">
              <value>
                <![CDATA[Invalid]]>
              </value>
            </param>
            <param index="1">
              <value>
                <![CDATA[abcd@gmail.com]]>
              </value>
            </param>
            <param index="2">
              <value>
                <![CDATA[student243]]>
              </value>
            </param>
          </params>
          <reporter-output>
          </reporter-output>
        </test-method> <!-- checkMultipleLoginScenarios -->
        <test-method signature="checkMultipleLoginScenarios(java.lang.String, java.lang.String, java.lang.String)[pri:0, instance:CheckMultipleLoginScenarios@13c3c1e1]" started-at="2024-05-14T14:57:46Z" name="checkMultipleLoginScenarios" data-provider="loginTestData" finished-at="2024-05-14T14:57:52Z" duration-ms="5512" status="PASS">
          <params>
            <param index="0">
              <value>
                <![CDATA[Invalid]]>
              </value>
            </param>
            <param index="1">
              <value>
                <![CDATA[student243@vrittechnologies.com]]>
              </value>
            </param>
            <param index="2">
              <value>
                <![CDATA[abcc]]>
              </value>
            </param>
          </params>
          <reporter-output>
          </reporter-output>
        </test-method> <!-- checkMultipleLoginScenarios -->
        <test-method is-config="true" signature="tearDown()[pri:0, instance:CheckMultipleLoginScenarios@13c3c1e1]" started-at="2024-05-14T14:57:52Z" name="tearDown" finished-at="2024-05-14T14:57:52Z" duration-ms="407" status="PASS">
          <reporter-output>
          </reporter-output>
        </test-method> <!-- tearDown -->
      </class> <!-- CheckMultipleLoginScenarios -->
    </test> <!-- Default test -->
  </suite> <!-- Default suite -->
</testng-results>
